CRITICAL - 2020-08-20 00:04:31 --> Too few arguments to function App\Controllers\Register::register(), 0 passed in D:\ci_4\vendor\codeigniter4\framework\system\CodeIgniter.php on line 918 and exactly 1 expected
#0 D:\ci_4\vendor\codeigniter4\framework\system\CodeIgniter.php(918): App\Controllers\Register->register()
#1 D:\ci_4\vendor\codeigniter4\framework\system\CodeIgniter.php(404): CodeIgniter\CodeIgniter->runController(Object(App\Controllers\Register))
#2 D:\ci_4\vendor\codeigniter4\framework\system\CodeIgniter.php(312): CodeIgniter\CodeIgniter->handleRequest(NULL, Object(Config\Cache), false)
#3 D:\ci_4\index.php(45): CodeIgniter\CodeIgniter->run()
#4 {main}
CRITICAL - 2020-08-20 00:09:19 --> Too few arguments to function CodeIgniter\HTTP\Message::getHeader(), 0 passed in D:\ci_4\app\Controllers\Register.php on line 14 and exactly 1 expected
#0 D:\ci_4\app\Controllers\Register.php(14): CodeIgniter\HTTP\Message->getHeader()
#1 D:\ci_4\vendor\codeigniter4\framework\system\CodeIgniter.php(918): App\Controllers\Register->register()
#2 D:\ci_4\vendor\codeigniter4\framework\system\CodeIgniter.php(404): CodeIgniter\CodeIgniter->runController(Object(App\Controllers\Register))
#3 D:\ci_4\vendor\codeigniter4\framework\system\CodeIgniter.php(312): CodeIgniter\CodeIgniter->handleRequest(NULL, Object(Config\Cache), false)
#4 D:\ci_4\index.php(45): CodeIgniter\CodeIgniter->run()
#5 {main}
CRITICAL - 2020-08-20 00:14:25 --> Argument 2 passed to CodeIgniter\Router\RouteCollection::resource() must be of the type array or null, string given, called in D:\ci_4\app\Config\Routes.php on line 35
#0 D:\ci_4\app\Config\Routes.php(35): CodeIgniter\Router\RouteCollection->resource('register', 'Register::regis...')
#1 D:\ci_4\vendor\codeigniter4\framework\system\CodeIgniter.php(780): require('D:\\ci_4\\app\\Con...')
#2 D:\ci_4\vendor\codeigniter4\framework\system\CodeIgniter.php(364): CodeIgniter\CodeIgniter->tryToRouteIt(Object(CodeIgniter\Router\RouteCollection))
#3 D:\ci_4\vendor\codeigniter4\framework\system\CodeIgniter.php(312): CodeIgniter\CodeIgniter->handleRequest(NULL, Object(Config\Cache), false)
#4 D:\ci_4\index.php(45): CodeIgniter\CodeIgniter->run()
#5 {main}
CRITICAL - 2020-08-20 00:14:59 --> Argument 2 passed to CodeIgniter\Router\RouteCollection::resource() must be of the type array or null, string given, called in D:\ci_4\app\Config\Routes.php on line 35
#0 D:\ci_4\app\Config\Routes.php(35): CodeIgniter\Router\RouteCollection->resource('register', 'Register::creat...')
#1 D:\ci_4\vendor\codeigniter4\framework\system\CodeIgniter.php(780): require('D:\\ci_4\\app\\Con...')
#2 D:\ci_4\vendor\codeigniter4\framework\system\CodeIgniter.php(364): CodeIgniter\CodeIgniter->tryToRouteIt(Object(CodeIgniter\Router\RouteCollection))
#3 D:\ci_4\vendor\codeigniter4\framework\system\CodeIgniter.php(312): CodeIgniter\CodeIgniter->handleRequest(NULL, Object(Config\Cache), false)
#4 D:\ci_4\index.php(45): CodeIgniter\CodeIgniter->run()
#5 {main}
CRITICAL - 2020-08-20 00:18:59 --> Argument 2 passed to CodeIgniter\Router\RouteCollection::resource() must be of the type array or null, string given, called in D:\ci_4\app\Config\Routes.php on line 35
#0 D:\ci_4\app\Config\Routes.php(35): CodeIgniter\Router\RouteCollection->resource('register', 'Register::creat...')
#1 D:\ci_4\vendor\codeigniter4\framework\system\CodeIgniter.php(780): require('D:\\ci_4\\app\\Con...')
#2 D:\ci_4\vendor\codeigniter4\framework\system\CodeIgniter.php(364): CodeIgniter\CodeIgniter->tryToRouteIt(Object(CodeIgniter\Router\RouteCollection))
#3 D:\ci_4\vendor\codeigniter4\framework\system\CodeIgniter.php(312): CodeIgniter\CodeIgniter->handleRequest(NULL, Object(Config\Cache), false)
#4 D:\ci_4\index.php(45): CodeIgniter\CodeIgniter->run()
#5 {main}
CRITICAL - 2020-08-20 01:20:15 --> Argument 2 passed to CodeIgniter\Router\RouteCollection::resource() must be of the type array or null, string given, called in D:\ci_4\app\Config\Routes.php on line 35
#0 D:\ci_4\app\Config\Routes.php(35): CodeIgniter\Router\RouteCollection->resource('register', 'Register::creat...')
#1 D:\ci_4\vendor\codeigniter4\framework\system\CodeIgniter.php(780): require('D:\\ci_4\\app\\Con...')
#2 D:\ci_4\vendor\codeigniter4\framework\system\CodeIgniter.php(364): CodeIgniter\CodeIgniter->tryToRouteIt(Object(CodeIgniter\Router\RouteCollection))
#3 D:\ci_4\vendor\codeigniter4\framework\system\CodeIgniter.php(312): CodeIgniter\CodeIgniter->handleRequest(NULL, Object(Config\Cache), false)
#4 D:\ci_4\index.php(45): CodeIgniter\CodeIgniter->run()
#5 {main}
CRITICAL - 2020-08-20 01:20:57 --> Too few arguments to function CodeIgniter\Router\RouteCollection::add(), 1 passed in D:\ci_4\app\Config\Routes.php on line 35 and at least 2 expected
#0 D:\ci_4\app\Config\Routes.php(35): CodeIgniter\Router\RouteCollection->add('register')
#1 D:\ci_4\vendor\codeigniter4\framework\system\CodeIgniter.php(780): require('D:\\ci_4\\app\\Con...')
#2 D:\ci_4\vendor\codeigniter4\framework\system\CodeIgniter.php(364): CodeIgniter\CodeIgniter->tryToRouteIt(Object(CodeIgniter\Router\RouteCollection))
#3 D:\ci_4\vendor\codeigniter4\framework\system\CodeIgniter.php(312): CodeIgniter\CodeIgniter->handleRequest(NULL, Object(Config\Cache), false)
#4 D:\ci_4\index.php(45): CodeIgniter\CodeIgniter->run()
#5 {main}
CRITICAL - 2020-08-20 01:21:05 --> Too few arguments to function CodeIgniter\Router\RouteCollection::add(), 1 passed in D:\ci_4\app\Config\Routes.php on line 35 and at least 2 expected
#0 D:\ci_4\app\Config\Routes.php(35): CodeIgniter\Router\RouteCollection->add('register')
#1 D:\ci_4\vendor\codeigniter4\framework\system\CodeIgniter.php(780): require('D:\\ci_4\\app\\Con...')
#2 D:\ci_4\vendor\codeigniter4\framework\system\CodeIgniter.php(364): CodeIgniter\CodeIgniter->tryToRouteIt(Object(CodeIgniter\Router\RouteCollection))
#3 D:\ci_4\vendor\codeigniter4\framework\system\CodeIgniter.php(312): CodeIgniter\CodeIgniter->handleRequest(NULL, Object(Config\Cache), false)
#4 D:\ci_4\index.php(45): CodeIgniter\CodeIgniter->run()
#5 {main}
CRITICAL - 2020-08-20 01:21:06 --> Too few arguments to function CodeIgniter\Router\RouteCollection::add(), 1 passed in D:\ci_4\app\Config\Routes.php on line 35 and at least 2 expected
#0 D:\ci_4\app\Config\Routes.php(35): CodeIgniter\Router\RouteCollection->add('register')
#1 D:\ci_4\vendor\codeigniter4\framework\system\CodeIgniter.php(780): require('D:\\ci_4\\app\\Con...')
#2 D:\ci_4\vendor\codeigniter4\framework\system\CodeIgniter.php(364): CodeIgniter\CodeIgniter->tryToRouteIt(Object(CodeIgniter\Router\RouteCollection))
#3 D:\ci_4\vendor\codeigniter4\framework\system\CodeIgniter.php(312): CodeIgniter\CodeIgniter->handleRequest(NULL, Object(Config\Cache), false)
#4 D:\ci_4\index.php(45): CodeIgniter\CodeIgniter->run()
#5 {main}
CRITICAL - 2020-08-20 01:21:06 --> Too few arguments to function CodeIgniter\Router\RouteCollection::add(), 1 passed in D:\ci_4\app\Config\Routes.php on line 35 and at least 2 expected
#0 D:\ci_4\app\Config\Routes.php(35): CodeIgniter\Router\RouteCollection->add('register')
#1 D:\ci_4\vendor\codeigniter4\framework\system\CodeIgniter.php(780): require('D:\\ci_4\\app\\Con...')
#2 D:\ci_4\vendor\codeigniter4\framework\system\CodeIgniter.php(364): CodeIgniter\CodeIgniter->tryToRouteIt(Object(CodeIgniter\Router\RouteCollection))
#3 D:\ci_4\vendor\codeigniter4\framework\system\CodeIgniter.php(312): CodeIgniter\CodeIgniter->handleRequest(NULL, Object(Config\Cache), false)
#4 D:\ci_4\index.php(45): CodeIgniter\CodeIgniter->run()
#5 {main}
CRITICAL - 2020-08-20 01:21:08 --> Too few arguments to function CodeIgniter\Router\RouteCollection::add(), 1 passed in D:\ci_4\app\Config\Routes.php on line 35 and at least 2 expected
#0 D:\ci_4\app\Config\Routes.php(35): CodeIgniter\Router\RouteCollection->add('register')
#1 D:\ci_4\vendor\codeigniter4\framework\system\CodeIgniter.php(780): require('D:\\ci_4\\app\\Con...')
#2 D:\ci_4\vendor\codeigniter4\framework\system\CodeIgniter.php(364): CodeIgniter\CodeIgniter->tryToRouteIt(Object(CodeIgniter\Router\RouteCollection))
#3 D:\ci_4\vendor\codeigniter4\framework\system\CodeIgniter.php(312): CodeIgniter\CodeIgniter->handleRequest(NULL, Object(Config\Cache), false)
#4 D:\ci_4\index.php(45): CodeIgniter\CodeIgniter->run()
#5 {main}
CRITICAL - 2020-08-20 01:21:40 --> Too few arguments to function CodeIgniter\Router\RouteCollection::add(), 1 passed in D:\ci_4\app\Config\Routes.php on line 35 and at least 2 expected
#0 D:\ci_4\app\Config\Routes.php(35): CodeIgniter\Router\RouteCollection->add('register')
#1 D:\ci_4\vendor\codeigniter4\framework\system\CodeIgniter.php(780): require('D:\\ci_4\\app\\Con...')
#2 D:\ci_4\vendor\codeigniter4\framework\system\CodeIgniter.php(364): CodeIgniter\CodeIgniter->tryToRouteIt(Object(CodeIgniter\Router\RouteCollection))
#3 D:\ci_4\vendor\codeigniter4\framework\system\CodeIgniter.php(312): CodeIgniter\CodeIgniter->handleRequest(NULL, Object(Config\Cache), false)
#4 D:\ci_4\index.php(45): CodeIgniter\CodeIgniter->run()
#5 {main}
CRITICAL - 2020-08-20 01:21:41 --> Too few arguments to function CodeIgniter\Router\RouteCollection::add(), 1 passed in D:\ci_4\app\Config\Routes.php on line 35 and at least 2 expected
#0 D:\ci_4\app\Config\Routes.php(35): CodeIgniter\Router\RouteCollection->add('register')
#1 D:\ci_4\vendor\codeigniter4\framework\system\CodeIgniter.php(780): require('D:\\ci_4\\app\\Con...')
#2 D:\ci_4\vendor\codeigniter4\framework\system\CodeIgniter.php(364): CodeIgniter\CodeIgniter->tryToRouteIt(Object(CodeIgniter\Router\RouteCollection))
#3 D:\ci_4\vendor\codeigniter4\framework\system\CodeIgniter.php(312): CodeIgniter\CodeIgniter->handleRequest(NULL, Object(Config\Cache), false)
#4 D:\ci_4\index.php(45): CodeIgniter\CodeIgniter->run()
#5 {main}
CRITICAL - 2020-08-20 01:21:41 --> Too few arguments to function CodeIgniter\Router\RouteCollection::add(), 1 passed in D:\ci_4\app\Config\Routes.php on line 35 and at least 2 expected
#0 D:\ci_4\app\Config\Routes.php(35): CodeIgniter\Router\RouteCollection->add('register')
#1 D:\ci_4\vendor\codeigniter4\framework\system\CodeIgniter.php(780): require('D:\\ci_4\\app\\Con...')
#2 D:\ci_4\vendor\codeigniter4\framework\system\CodeIgniter.php(364): CodeIgniter\CodeIgniter->tryToRouteIt(Object(CodeIgniter\Router\RouteCollection))
#3 D:\ci_4\vendor\codeigniter4\framework\system\CodeIgniter.php(312): CodeIgniter\CodeIgniter->handleRequest(NULL, Object(Config\Cache), false)
#4 D:\ci_4\index.php(45): CodeIgniter\CodeIgniter->run()
#5 {main}
CRITICAL - 2020-08-20 01:21:42 --> Too few arguments to function CodeIgniter\Router\RouteCollection::add(), 1 passed in D:\ci_4\app\Config\Routes.php on line 35 and at least 2 expected
#0 D:\ci_4\app\Config\Routes.php(35): CodeIgniter\Router\RouteCollection->add('register')
#1 D:\ci_4\vendor\codeigniter4\framework\system\CodeIgniter.php(780): require('D:\\ci_4\\app\\Con...')
#2 D:\ci_4\vendor\codeigniter4\framework\system\CodeIgniter.php(364): CodeIgniter\CodeIgniter->tryToRouteIt(Object(CodeIgniter\Router\RouteCollection))
#3 D:\ci_4\vendor\codeigniter4\framework\system\CodeIgniter.php(312): CodeIgniter\CodeIgniter->handleRequest(NULL, Object(Config\Cache), false)
#4 D:\ci_4\index.php(45): CodeIgniter\CodeIgniter->run()
#5 {main}
CRITICAL - 2020-08-20 01:21:43 --> Too few arguments to function CodeIgniter\Router\RouteCollection::add(), 1 passed in D:\ci_4\app\Config\Routes.php on line 35 and at least 2 expected
#0 D:\ci_4\app\Config\Routes.php(35): CodeIgniter\Router\RouteCollection->add('register')
#1 D:\ci_4\vendor\codeigniter4\framework\system\CodeIgniter.php(780): require('D:\\ci_4\\app\\Con...')
#2 D:\ci_4\vendor\codeigniter4\framework\system\CodeIgniter.php(364): CodeIgniter\CodeIgniter->tryToRouteIt(Object(CodeIgniter\Router\RouteCollection))
#3 D:\ci_4\vendor\codeigniter4\framework\system\CodeIgniter.php(312): CodeIgniter\CodeIgniter->handleRequest(NULL, Object(Config\Cache), false)
#4 D:\ci_4\index.php(45): CodeIgniter\CodeIgniter->run()
#5 {main}
CRITICAL - 2020-08-20 01:51:11 --> Call to undefined method App\Controllers\Register::respond()
#0 D:\ci_4\vendor\codeigniter4\framework\system\CodeIgniter.php(918): App\Controllers\Register->create()
#1 D:\ci_4\vendor\codeigniter4\framework\system\CodeIgniter.php(404): CodeIgniter\CodeIgniter->runController(Object(App\Controllers\Register))
#2 D:\ci_4\vendor\codeigniter4\framework\system\CodeIgniter.php(312): CodeIgniter\CodeIgniter->handleRequest(NULL, Object(Config\Cache), false)
#3 D:\ci_4\index.php(45): CodeIgniter\CodeIgniter->run()
#4 {main}
CRITICAL - 2020-08-20 02:01:58 --> Argument 2 passed to App\Controllers\Register::respondDeleted() must be of the type string, array given, called in D:\ci_4\app\Controllers\Register.php on line 40
#0 D:\ci_4\app\Controllers\Register.php(40): App\Controllers\Register->respondDeleted('30', Array)
#1 D:\ci_4\vendor\codeigniter4\framework\system\CodeIgniter.php(918): App\Controllers\Register->delete('30')
#2 D:\ci_4\vendor\codeigniter4\framework\system\CodeIgniter.php(404): CodeIgniter\CodeIgniter->runController(Object(App\Controllers\Register))
#3 D:\ci_4\vendor\codeigniter4\framework\system\CodeIgniter.php(312): CodeIgniter\CodeIgniter->handleRequest(NULL, Object(Config\Cache), false)
#4 D:\ci_4\index.php(45): CodeIgniter\CodeIgniter->run()
#5 {main}
CRITICAL - 2020-08-20 03:02:09 --> Call to undefined method CodeIgniter\Database\MySQLi\Connection::set()
#0 D:\ci_4\app\Controllers\User.php(33): App\Models\MY_model->create(Array, true, true)
#1 D:\ci_4\vendor\codeigniter4\framework\system\CodeIgniter.php(918): App\Controllers\User->create()
#2 D:\ci_4\vendor\codeigniter4\framework\system\CodeIgniter.php(404): CodeIgniter\CodeIgniter->runController(Object(App\Controllers\User))
#3 D:\ci_4\vendor\codeigniter4\framework\system\CodeIgniter.php(312): CodeIgniter\CodeIgniter->handleRequest(NULL, Object(Config\Cache), false)
#4 D:\ci_4\index.php(45): CodeIgniter\CodeIgniter->run()
#5 {main}
CRITICAL - 2020-08-20 03:08:06 --> Class 'App\Models\Time' not found
#0 D:\ci_4\app\Controllers\User.php(33): App\Models\MY_model->create(Array, true, true)
#1 D:\ci_4\vendor\codeigniter4\framework\system\CodeIgniter.php(918): App\Controllers\User->create()
#2 D:\ci_4\vendor\codeigniter4\framework\system\CodeIgniter.php(404): CodeIgniter\CodeIgniter->runController(Object(App\Controllers\User))
#3 D:\ci_4\vendor\codeigniter4\framework\system\CodeIgniter.php(312): CodeIgniter\CodeIgniter->handleRequest(NULL, Object(Config\Cache), false)
#4 D:\ci_4\index.php(45): CodeIgniter\CodeIgniter->run()
#5 {main}
CRITICAL - 2020-08-20 03:26:48 --> Call to undefined method CodeIgniter\Database\MySQLi\Connection::insert()
#0 D:\ci_4\app\Controllers\User.php(36): App\Models\MY_model->create(Array, true, true)
#1 D:\ci_4\vendor\codeigniter4\framework\system\CodeIgniter.php(918): App\Controllers\User->create()
#2 D:\ci_4\vendor\codeigniter4\framework\system\CodeIgniter.php(404): CodeIgniter\CodeIgniter->runController(Object(App\Controllers\User))
#3 D:\ci_4\vendor\codeigniter4\framework\system\CodeIgniter.php(312): CodeIgniter\CodeIgniter->handleRequest(NULL, Object(Config\Cache), false)
#4 D:\ci_4\index.php(45): CodeIgniter\CodeIgniter->run()
#5 {main}
CRITICAL - 2020-08-20 03:27:25 --> Call to undefined method CodeIgniter\Database\MySQLi\Connection::insert()
#0 D:\ci_4\app\Controllers\User.php(36): App\Models\MY_model->create(Array)
#1 D:\ci_4\vendor\codeigniter4\framework\system\CodeIgniter.php(918): App\Controllers\User->create()
#2 D:\ci_4\vendor\codeigniter4\framework\system\CodeIgniter.php(404): CodeIgniter\CodeIgniter->runController(Object(App\Controllers\User))
#3 D:\ci_4\vendor\codeigniter4\framework\system\CodeIgniter.php(312): CodeIgniter\CodeIgniter->handleRequest(NULL, Object(Config\Cache), false)
#4 D:\ci_4\index.php(45): CodeIgniter\CodeIgniter->run()
#5 {main}
CRITICAL - 2020-08-20 03:31:19 --> syntax error, unexpected '}'
#0 D:\ci_4\vendor\codeigniter4\framework\system\Autoloader\Autoloader.php(296): CodeIgniter\Autoloader\Autoloader->requireFile('D:\\ci_4\\app\\/Co...')
#1 D:\ci_4\vendor\codeigniter4\framework\system\Autoloader\Autoloader.php(258): CodeIgniter\Autoloader\Autoloader->loadInNamespace('App\\Controllers...')
#2 [internal function]: CodeIgniter\Autoloader\Autoloader->loadClass('App\\Controllers...')
#3 [internal function]: spl_autoload_call('App\\Controllers...')
#4 D:\ci_4\vendor\codeigniter4\framework\system\CodeIgniter.php(869): class_exists('\\App\\Controller...', true)
#5 D:\ci_4\vendor\codeigniter4\framework\system\CodeIgniter.php(394): CodeIgniter\CodeIgniter->startController()
#6 D:\ci_4\vendor\codeigniter4\framework\system\CodeIgniter.php(312): CodeIgniter\CodeIgniter->handleRequest(NULL, Object(Config\Cache), false)
#7 D:\ci_4\index.php(45): CodeIgniter\CodeIgniter->run()
#8 {main}
CRITICAL - 2020-08-20 03:31:31 --> Undefined property: App\Controllers\User::$time_now_utc
#0 D:\ci_4\app\Controllers\User.php(33): CodeIgniter\Debug\Exceptions->errorHandler(8, 'Undefined prope...', 'D:\\ci_4\\app\\Con...', 33, Array)
#1 D:\ci_4\vendor\codeigniter4\framework\system\CodeIgniter.php(918): App\Controllers\User->create()
#2 D:\ci_4\vendor\codeigniter4\framework\system\CodeIgniter.php(404): CodeIgniter\CodeIgniter->runController(Object(App\Controllers\User))
#3 D:\ci_4\vendor\codeigniter4\framework\system\CodeIgniter.php(312): CodeIgniter\CodeIgniter->handleRequest(NULL, Object(Config\Cache), false)
#4 D:\ci_4\index.php(45): CodeIgniter\CodeIgniter->run()
#5 {main}
CRITICAL - 2020-08-20 03:35:50 --> Call to undefined method CodeIgniter\Database\MySQLi\Connection::insert()
#0 D:\ci_4\app\Controllers\User.php(38): App\Models\MY_model->create(Array)
#1 D:\ci_4\vendor\codeigniter4\framework\system\CodeIgniter.php(918): App\Controllers\User->create()
#2 D:\ci_4\vendor\codeigniter4\framework\system\CodeIgniter.php(404): CodeIgniter\CodeIgniter->runController(Object(App\Controllers\User))
#3 D:\ci_4\vendor\codeigniter4\framework\system\CodeIgniter.php(312): CodeIgniter\CodeIgniter->handleRequest(NULL, Object(Config\Cache), false)
#4 D:\ci_4\index.php(45): CodeIgniter\CodeIgniter->run()
#5 {main}
CRITICAL - 2020-08-20 03:38:08 --> Allowed fields must be specified for model: App\Models\User_model
#0 D:\ci_4\vendor\codeigniter4\framework\system\Model.php(1265): CodeIgniter\Database\Exceptions\DataException::forInvalidAllowedFields('App\\Models\\User...')
#1 D:\ci_4\vendor\codeigniter4\framework\system\Model.php(735): CodeIgniter\Model->doProtectFields(Array)
#2 D:\ci_4\app\Models\MY_model.php(34): CodeIgniter\Model->insert(Array)
#3 D:\ci_4\app\Controllers\User.php(38): App\Models\MY_model->create(Array)
#4 D:\ci_4\vendor\codeigniter4\framework\system\CodeIgniter.php(918): App\Controllers\User->create()
#5 D:\ci_4\vendor\codeigniter4\framework\system\CodeIgniter.php(404): CodeIgniter\CodeIgniter->runController(Object(App\Controllers\User))
#6 D:\ci_4\vendor\codeigniter4\framework\system\CodeIgniter.php(312): CodeIgniter\CodeIgniter->handleRequest(NULL, Object(Config\Cache), false)
#7 D:\ci_4\index.php(45): CodeIgniter\CodeIgniter->run()
#8 {main}
CRITICAL - 2020-08-20 03:59:37 --> Call to undefined method CodeIgniter\Database\MySQLi\Result::insert_id()
#0 D:\ci_4\app\Controllers\User.php(37): App\Models\MY_model->create(Array)
#1 D:\ci_4\vendor\codeigniter4\framework\system\CodeIgniter.php(918): App\Controllers\User->create()
#2 D:\ci_4\vendor\codeigniter4\framework\system\CodeIgniter.php(404): CodeIgniter\CodeIgniter->runController(Object(App\Controllers\User))
#3 D:\ci_4\vendor\codeigniter4\framework\system\CodeIgniter.php(312): CodeIgniter\CodeIgniter->handleRequest(NULL, Object(Config\Cache), false)
#4 D:\ci_4\index.php(45): CodeIgniter\CodeIgniter->run()
#5 {main}
CRITICAL - 2020-08-20 04:00:32 --> Call to undefined method CodeIgniter\Database\MySQLi\Result::insertID()
#0 D:\ci_4\app\Controllers\User.php(37): App\Models\MY_model->create(Array)
#1 D:\ci_4\vendor\codeigniter4\framework\system\CodeIgniter.php(918): App\Controllers\User->create()
#2 D:\ci_4\vendor\codeigniter4\framework\system\CodeIgniter.php(404): CodeIgniter\CodeIgniter->runController(Object(App\Controllers\User))
#3 D:\ci_4\vendor\codeigniter4\framework\system\CodeIgniter.php(312): CodeIgniter\CodeIgniter->handleRequest(NULL, Object(Config\Cache), false)
#4 D:\ci_4\index.php(45): CodeIgniter\CodeIgniter->run()
#5 {main}
CRITICAL - 2020-08-20 04:01:48 --> Argument 1 passed to CodeIgniter\Database\BaseBuilder::getCompiledInsert() must be of the type bool, array given, called in D:\ci_4\app\Models\MY_model.php on line 32
#0 D:\ci_4\app\Models\MY_model.php(32): CodeIgniter\Database\BaseBuilder->getCompiledInsert(Array)
#1 D:\ci_4\app\Controllers\User.php(37): App\Models\MY_model->create(Array)
#2 D:\ci_4\vendor\codeigniter4\framework\system\CodeIgniter.php(918): App\Controllers\User->create()
#3 D:\ci_4\vendor\codeigniter4\framework\system\CodeIgniter.php(404): CodeIgniter\CodeIgniter->runController(Object(App\Controllers\User))
#4 D:\ci_4\vendor\codeigniter4\framework\system\CodeIgniter.php(312): CodeIgniter\CodeIgniter->handleRequest(NULL, Object(Config\Cache), false)
#5 D:\ci_4\index.php(45): CodeIgniter\CodeIgniter->run()
#6 {main}
CRITICAL - 2020-08-20 04:02:03 --> Argument 1 passed to CodeIgniter\Database\BaseBuilder::getCompiledInsert() must be of the type bool, array given, called in D:\ci_4\app\Models\MY_model.php on line 32
#0 D:\ci_4\app\Models\MY_model.php(32): CodeIgniter\Database\BaseBuilder->getCompiledInsert(Array, true)
#1 D:\ci_4\app\Controllers\User.php(37): App\Models\MY_model->create(Array)
#2 D:\ci_4\vendor\codeigniter4\framework\system\CodeIgniter.php(918): App\Controllers\User->create()
#3 D:\ci_4\vendor\codeigniter4\framework\system\CodeIgniter.php(404): CodeIgniter\CodeIgniter->runController(Object(App\Controllers\User))
#4 D:\ci_4\vendor\codeigniter4\framework\system\CodeIgniter.php(312): CodeIgniter\CodeIgniter->handleRequest(NULL, Object(Config\Cache), false)
#5 D:\ci_4\index.php(45): CodeIgniter\CodeIgniter->run()
#6 {main}
CRITICAL - 2020-08-20 04:22:24 --> Call to undefined method App\Controllers\User::getPost()
#0 D:\ci_4\vendor\codeigniter4\framework\system\CodeIgniter.php(918): App\Controllers\User->index()
#1 D:\ci_4\vendor\codeigniter4\framework\system\CodeIgniter.php(404): CodeIgniter\CodeIgniter->runController(Object(App\Controllers\User))
#2 D:\ci_4\vendor\codeigniter4\framework\system\CodeIgniter.php(312): CodeIgniter\CodeIgniter->handleRequest(NULL, Object(Config\Cache), false)
#3 D:\ci_4\index.php(45): CodeIgniter\CodeIgniter->run()
#4 {main}
CRITICAL - 2020-08-20 04:28:35 --> Declaration of App\Models\MY_model::delete($id) should be compatible with CodeIgniter\Model::delete($id = NULL, bool $purge = false)
#0 D:\ci_4\app\Models\MY_model.php(6): CodeIgniter\Debug\Exceptions->errorHandler(2, 'Declaration of ...', 'D:\\ci_4\\app\\Mod...', 28, Array)
#1 D:\ci_4\vendor\codeigniter4\framework\system\Autoloader\Autoloader.php(365): require_once('D:\\ci_4\\app\\Mod...')
#2 D:\ci_4\vendor\codeigniter4\framework\system\Autoloader\Autoloader.php(296): CodeIgniter\Autoloader\Autoloader->requireFile('D:\\ci_4\\app\\/Mo...')
#3 D:\ci_4\vendor\codeigniter4\framework\system\Autoloader\Autoloader.php(258): CodeIgniter\Autoloader\Autoloader->loadInNamespace('App\\Models\\MY_m...')
#4 [internal function]: CodeIgniter\Autoloader\Autoloader->loadClass('App\\Models\\MY_m...')
#5 D:\ci_4\app\Models\User_model.php(3): spl_autoload_call('App\\Models\\MY_m...')
#6 D:\ci_4\vendor\codeigniter4\framework\system\Autoloader\Autoloader.php(365): require_once('D:\\ci_4\\app\\Mod...')
#7 D:\ci_4\vendor\codeigniter4\framework\system\Autoloader\Autoloader.php(296): CodeIgniter\Autoloader\Autoloader->requireFile('D:\\ci_4\\app\\/Mo...')
#8 D:\ci_4\vendor\codeigniter4\framework\system\Autoloader\Autoloader.php(258): CodeIgniter\Autoloader\Autoloader->loadInNamespace('App\\Models\\User...')
#9 [internal function]: CodeIgniter\Autoloader\Autoloader->loadClass('App\\Models\\User...')
#10 D:\ci_4\app\Controllers\User.php(14): spl_autoload_call('App\\Models\\User...')
#11 D:\ci_4\vendor\codeigniter4\framework\system\CodeIgniter.php(890): App\Controllers\User->__construct()
#12 D:\ci_4\vendor\codeigniter4\framework\system\CodeIgniter.php(399): CodeIgniter\CodeIgniter->createController()
#13 D:\ci_4\vendor\codeigniter4\framework\system\CodeIgniter.php(312): CodeIgniter\CodeIgniter->handleRequest(NULL, Object(Config\Cache), false)
#14 D:\ci_4\index.php(45): CodeIgniter\CodeIgniter->run()
#15 {main}
CRITICAL - 2020-08-20 04:29:54 --> Declaration of App\Models\MY_model::delete($id) should be compatible with CodeIgniter\Model::delete($id = NULL, bool $purge = false)
#0 D:\ci_4\app\Models\MY_model.php(6): CodeIgniter\Debug\Exceptions->errorHandler(2, 'Declaration of ...', 'D:\\ci_4\\app\\Mod...', 28, Array)
#1 D:\ci_4\vendor\codeigniter4\framework\system\Autoloader\Autoloader.php(365): require_once('D:\\ci_4\\app\\Mod...')
#2 D:\ci_4\vendor\codeigniter4\framework\system\Autoloader\Autoloader.php(296): CodeIgniter\Autoloader\Autoloader->requireFile('D:\\ci_4\\app\\/Mo...')
#3 D:\ci_4\vendor\codeigniter4\framework\system\Autoloader\Autoloader.php(258): CodeIgniter\Autoloader\Autoloader->loadInNamespace('App\\Models\\MY_m...')
#4 [internal function]: CodeIgniter\Autoloader\Autoloader->loadClass('App\\Models\\MY_m...')
#5 D:\ci_4\app\Models\User_model.php(3): spl_autoload_call('App\\Models\\MY_m...')
#6 D:\ci_4\vendor\codeigniter4\framework\system\Autoloader\Autoloader.php(365): require_once('D:\\ci_4\\app\\Mod...')
#7 D:\ci_4\vendor\codeigniter4\framework\system\Autoloader\Autoloader.php(296): CodeIgniter\Autoloader\Autoloader->requireFile('D:\\ci_4\\app\\/Mo...')
#8 D:\ci_4\vendor\codeigniter4\framework\system\Autoloader\Autoloader.php(258): CodeIgniter\Autoloader\Autoloader->loadInNamespace('App\\Models\\User...')
#9 [internal function]: CodeIgniter\Autoloader\Autoloader->loadClass('App\\Models\\User...')
#10 D:\ci_4\app\Controllers\User.php(14): spl_autoload_call('App\\Models\\User...')
#11 D:\ci_4\vendor\codeigniter4\framework\system\CodeIgniter.php(890): App\Controllers\User->__construct()
#12 D:\ci_4\vendor\codeigniter4\framework\system\CodeIgniter.php(399): CodeIgniter\CodeIgniter->createController()
#13 D:\ci_4\vendor\codeigniter4\framework\system\CodeIgniter.php(312): CodeIgniter\CodeIgniter->handleRequest(NULL, Object(Config\Cache), false)
#14 D:\ci_4\index.php(45): CodeIgniter\CodeIgniter->run()
#15 {main}
CRITICAL - 2020-08-20 04:30:02 --> Declaration of App\Models\MY_model::delete($id) should be compatible with CodeIgniter\Model::delete($id = NULL, bool $purge = false)
#0 D:\ci_4\app\Models\MY_model.php(6): CodeIgniter\Debug\Exceptions->errorHandler(2, 'Declaration of ...', 'D:\\ci_4\\app\\Mod...', 28, Array)
#1 D:\ci_4\vendor\codeigniter4\framework\system\Autoloader\Autoloader.php(365): require_once('D:\\ci_4\\app\\Mod...')
#2 D:\ci_4\vendor\codeigniter4\framework\system\Autoloader\Autoloader.php(296): CodeIgniter\Autoloader\Autoloader->requireFile('D:\\ci_4\\app\\/Mo...')
#3 D:\ci_4\vendor\codeigniter4\framework\system\Autoloader\Autoloader.php(258): CodeIgniter\Autoloader\Autoloader->loadInNamespace('App\\Models\\MY_m...')
#4 [internal function]: CodeIgniter\Autoloader\Autoloader->loadClass('App\\Models\\MY_m...')
#5 D:\ci_4\app\Models\User_model.php(3): spl_autoload_call('App\\Models\\MY_m...')
#6 D:\ci_4\vendor\codeigniter4\framework\system\Autoloader\Autoloader.php(365): require_once('D:\\ci_4\\app\\Mod...')
#7 D:\ci_4\vendor\codeigniter4\framework\system\Autoloader\Autoloader.php(296): CodeIgniter\Autoloader\Autoloader->requireFile('D:\\ci_4\\app\\/Mo...')
#8 D:\ci_4\vendor\codeigniter4\framework\system\Autoloader\Autoloader.php(258): CodeIgniter\Autoloader\Autoloader->loadInNamespace('App\\Models\\User...')
#9 [internal function]: CodeIgniter\Autoloader\Autoloader->loadClass('App\\Models\\User...')
#10 D:\ci_4\app\Controllers\User.php(14): spl_autoload_call('App\\Models\\User...')
#11 D:\ci_4\vendor\codeigniter4\framework\system\CodeIgniter.php(890): App\Controllers\User->__construct()
#12 D:\ci_4\vendor\codeigniter4\framework\system\CodeIgniter.php(399): CodeIgniter\CodeIgniter->createController()
#13 D:\ci_4\vendor\codeigniter4\framework\system\CodeIgniter.php(312): CodeIgniter\CodeIgniter->handleRequest(NULL, Object(Config\Cache), false)
#14 D:\ci_4\index.php(45): CodeIgniter\CodeIgniter->run()
#15 {main}
CRITICAL - 2020-08-20 04:31:41 --> Declaration of App\Models\MY_model::delete($id) should be compatible with CodeIgniter\Model::delete($id = NULL, bool $purge = false)
#0 D:\ci_4\app\Models\MY_model.php(6): CodeIgniter\Debug\Exceptions->errorHandler(2, 'Declaration of ...', 'D:\\ci_4\\app\\Mod...', 28, Array)
#1 D:\ci_4\vendor\codeigniter4\framework\system\Autoloader\Autoloader.php(365): require_once('D:\\ci_4\\app\\Mod...')
#2 D:\ci_4\vendor\codeigniter4\framework\system\Autoloader\Autoloader.php(296): CodeIgniter\Autoloader\Autoloader->requireFile('D:\\ci_4\\app\\/Mo...')
#3 D:\ci_4\vendor\codeigniter4\framework\system\Autoloader\Autoloader.php(258): CodeIgniter\Autoloader\Autoloader->loadInNamespace('App\\Models\\MY_m...')
#4 [internal function]: CodeIgniter\Autoloader\Autoloader->loadClass('App\\Models\\MY_m...')
#5 D:\ci_4\app\Models\User_model.php(3): spl_autoload_call('App\\Models\\MY_m...')
#6 D:\ci_4\vendor\codeigniter4\framework\system\Autoloader\Autoloader.php(365): require_once('D:\\ci_4\\app\\Mod...')
#7 D:\ci_4\vendor\codeigniter4\framework\system\Autoloader\Autoloader.php(296): CodeIgniter\Autoloader\Autoloader->requireFile('D:\\ci_4\\app\\/Mo...')
#8 D:\ci_4\vendor\codeigniter4\framework\system\Autoloader\Autoloader.php(258): CodeIgniter\Autoloader\Autoloader->loadInNamespace('App\\Models\\User...')
#9 [internal function]: CodeIgniter\Autoloader\Autoloader->loadClass('App\\Models\\User...')
#10 D:\ci_4\app\Controllers\User.php(14): spl_autoload_call('App\\Models\\User...')
#11 D:\ci_4\vendor\codeigniter4\framework\system\CodeIgniter.php(890): App\Controllers\User->__construct()
#12 D:\ci_4\vendor\codeigniter4\framework\system\CodeIgniter.php(399): CodeIgniter\CodeIgniter->createController()
#13 D:\ci_4\vendor\codeigniter4\framework\system\CodeIgniter.php(312): CodeIgniter\CodeIgniter->handleRequest(NULL, Object(Config\Cache), false)
#14 D:\ci_4\index.php(45): CodeIgniter\CodeIgniter->run()
#15 {main}
CRITICAL - 2020-08-20 04:31:42 --> Declaration of App\Models\MY_model::delete($id) should be compatible with CodeIgniter\Model::delete($id = NULL, bool $purge = false)
#0 D:\ci_4\app\Models\MY_model.php(6): CodeIgniter\Debug\Exceptions->errorHandler(2, 'Declaration of ...', 'D:\\ci_4\\app\\Mod...', 28, Array)
#1 D:\ci_4\vendor\codeigniter4\framework\system\Autoloader\Autoloader.php(365): require_once('D:\\ci_4\\app\\Mod...')
#2 D:\ci_4\vendor\codeigniter4\framework\system\Autoloader\Autoloader.php(296): CodeIgniter\Autoloader\Autoloader->requireFile('D:\\ci_4\\app\\/Mo...')
#3 D:\ci_4\vendor\codeigniter4\framework\system\Autoloader\Autoloader.php(258): CodeIgniter\Autoloader\Autoloader->loadInNamespace('App\\Models\\MY_m...')
#4 [internal function]: CodeIgniter\Autoloader\Autoloader->loadClass('App\\Models\\MY_m...')
#5 D:\ci_4\app\Models\User_model.php(3): spl_autoload_call('App\\Models\\MY_m...')
#6 D:\ci_4\vendor\codeigniter4\framework\system\Autoloader\Autoloader.php(365): require_once('D:\\ci_4\\app\\Mod...')
#7 D:\ci_4\vendor\codeigniter4\framework\system\Autoloader\Autoloader.php(296): CodeIgniter\Autoloader\Autoloader->requireFile('D:\\ci_4\\app\\/Mo...')
#8 D:\ci_4\vendor\codeigniter4\framework\system\Autoloader\Autoloader.php(258): CodeIgniter\Autoloader\Autoloader->loadInNamespace('App\\Models\\User...')
#9 [internal function]: CodeIgniter\Autoloader\Autoloader->loadClass('App\\Models\\User...')
#10 D:\ci_4\app\Controllers\User.php(14): spl_autoload_call('App\\Models\\User...')
#11 D:\ci_4\vendor\codeigniter4\framework\system\CodeIgniter.php(890): App\Controllers\User->__construct()
#12 D:\ci_4\vendor\codeigniter4\framework\system\CodeIgniter.php(399): CodeIgniter\CodeIgniter->createController()
#13 D:\ci_4\vendor\codeigniter4\framework\system\CodeIgniter.php(312): CodeIgniter\CodeIgniter->handleRequest(NULL, Object(Config\Cache), false)
#14 D:\ci_4\index.php(45): CodeIgniter\CodeIgniter->run()
#15 {main}
CRITICAL - 2020-08-20 04:32:04 --> Declaration of App\Models\MY_model::delete($id) should be compatible with CodeIgniter\Model::delete($id = NULL, bool $purge = false)
#0 D:\ci_4\app\Models\MY_model.php(6): CodeIgniter\Debug\Exceptions->errorHandler(2, 'Declaration of ...', 'D:\\ci_4\\app\\Mod...', 28, Array)
#1 D:\ci_4\vendor\codeigniter4\framework\system\Autoloader\Autoloader.php(365): require_once('D:\\ci_4\\app\\Mod...')
#2 D:\ci_4\vendor\codeigniter4\framework\system\Autoloader\Autoloader.php(296): CodeIgniter\Autoloader\Autoloader->requireFile('D:\\ci_4\\app\\/Mo...')
#3 D:\ci_4\vendor\codeigniter4\framework\system\Autoloader\Autoloader.php(258): CodeIgniter\Autoloader\Autoloader->loadInNamespace('App\\Models\\MY_m...')
#4 [internal function]: CodeIgniter\Autoloader\Autoloader->loadClass('App\\Models\\MY_m...')
#5 D:\ci_4\app\Models\User_model.php(3): spl_autoload_call('App\\Models\\MY_m...')
#6 D:\ci_4\vendor\codeigniter4\framework\system\Autoloader\Autoloader.php(365): require_once('D:\\ci_4\\app\\Mod...')
#7 D:\ci_4\vendor\codeigniter4\framework\system\Autoloader\Autoloader.php(296): CodeIgniter\Autoloader\Autoloader->requireFile('D:\\ci_4\\app\\/Mo...')
#8 D:\ci_4\vendor\codeigniter4\framework\system\Autoloader\Autoloader.php(258): CodeIgniter\Autoloader\Autoloader->loadInNamespace('App\\Models\\User...')
#9 [internal function]: CodeIgniter\Autoloader\Autoloader->loadClass('App\\Models\\User...')
#10 D:\ci_4\app\Controllers\User.php(14): spl_autoload_call('App\\Models\\User...')
#11 D:\ci_4\vendor\codeigniter4\framework\system\CodeIgniter.php(890): App\Controllers\User->__construct()
#12 D:\ci_4\vendor\codeigniter4\framework\system\CodeIgniter.php(399): CodeIgniter\CodeIgniter->createController()
#13 D:\ci_4\vendor\codeigniter4\framework\system\CodeIgniter.php(312): CodeIgniter\CodeIgniter->handleRequest(NULL, Object(Config\Cache), false)
#14 D:\ci_4\index.php(45): CodeIgniter\CodeIgniter->run()
#15 {main}
CRITICAL - 2020-08-20 04:32:06 --> Declaration of App\Models\MY_model::delete($id) should be compatible with CodeIgniter\Model::delete($id = NULL, bool $purge = false)
#0 D:\ci_4\app\Models\MY_model.php(6): CodeIgniter\Debug\Exceptions->errorHandler(2, 'Declaration of ...', 'D:\\ci_4\\app\\Mod...', 28, Array)
#1 D:\ci_4\vendor\codeigniter4\framework\system\Autoloader\Autoloader.php(365): require_once('D:\\ci_4\\app\\Mod...')
#2 D:\ci_4\vendor\codeigniter4\framework\system\Autoloader\Autoloader.php(296): CodeIgniter\Autoloader\Autoloader->requireFile('D:\\ci_4\\app\\/Mo...')
#3 D:\ci_4\vendor\codeigniter4\framework\system\Autoloader\Autoloader.php(258): CodeIgniter\Autoloader\Autoloader->loadInNamespace('App\\Models\\MY_m...')
#4 [internal function]: CodeIgniter\Autoloader\Autoloader->loadClass('App\\Models\\MY_m...')
#5 D:\ci_4\app\Models\User_model.php(3): spl_autoload_call('App\\Models\\MY_m...')
#6 D:\ci_4\vendor\codeigniter4\framework\system\Autoloader\Autoloader.php(365): require_once('D:\\ci_4\\app\\Mod...')
#7 D:\ci_4\vendor\codeigniter4\framework\system\Autoloader\Autoloader.php(296): CodeIgniter\Autoloader\Autoloader->requireFile('D:\\ci_4\\app\\/Mo...')
#8 D:\ci_4\vendor\codeigniter4\framework\system\Autoloader\Autoloader.php(258): CodeIgniter\Autoloader\Autoloader->loadInNamespace('App\\Models\\User...')
#9 [internal function]: CodeIgniter\Autoloader\Autoloader->loadClass('App\\Models\\User...')
#10 D:\ci_4\app\Controllers\User.php(14): spl_autoload_call('App\\Models\\User...')
#11 D:\ci_4\vendor\codeigniter4\framework\system\CodeIgniter.php(890): App\Controllers\User->__construct()
#12 D:\ci_4\vendor\codeigniter4\framework\system\CodeIgniter.php(399): CodeIgniter\CodeIgniter->createController()
#13 D:\ci_4\vendor\codeigniter4\framework\system\CodeIgniter.php(312): CodeIgniter\CodeIgniter->handleRequest(NULL, Object(Config\Cache), false)
#14 D:\ci_4\index.php(45): CodeIgniter\CodeIgniter->run()
#15 {main}
CRITICAL - 2020-08-20 04:32:06 --> Declaration of App\Models\MY_model::delete($id) should be compatible with CodeIgniter\Model::delete($id = NULL, bool $purge = false)
#0 D:\ci_4\app\Models\MY_model.php(6): CodeIgniter\Debug\Exceptions->errorHandler(2, 'Declaration of ...', 'D:\\ci_4\\app\\Mod...', 28, Array)
#1 D:\ci_4\vendor\codeigniter4\framework\system\Autoloader\Autoloader.php(365): require_once('D:\\ci_4\\app\\Mod...')
#2 D:\ci_4\vendor\codeigniter4\framework\system\Autoloader\Autoloader.php(296): CodeIgniter\Autoloader\Autoloader->requireFile('D:\\ci_4\\app\\/Mo...')
#3 D:\ci_4\vendor\codeigniter4\framework\system\Autoloader\Autoloader.php(258): CodeIgniter\Autoloader\Autoloader->loadInNamespace('App\\Models\\MY_m...')
#4 [internal function]: CodeIgniter\Autoloader\Autoloader->loadClass('App\\Models\\MY_m...')
#5 D:\ci_4\app\Models\User_model.php(3): spl_autoload_call('App\\Models\\MY_m...')
#6 D:\ci_4\vendor\codeigniter4\framework\system\Autoloader\Autoloader.php(365): require_once('D:\\ci_4\\app\\Mod...')
#7 D:\ci_4\vendor\codeigniter4\framework\system\Autoloader\Autoloader.php(296): CodeIgniter\Autoloader\Autoloader->requireFile('D:\\ci_4\\app\\/Mo...')
#8 D:\ci_4\vendor\codeigniter4\framework\system\Autoloader\Autoloader.php(258): CodeIgniter\Autoloader\Autoloader->loadInNamespace('App\\Models\\User...')
#9 [internal function]: CodeIgniter\Autoloader\Autoloader->loadClass('App\\Models\\User...')
#10 D:\ci_4\app\Controllers\User.php(14): spl_autoload_call('App\\Models\\User...')
#11 D:\ci_4\vendor\codeigniter4\framework\system\CodeIgniter.php(890): App\Controllers\User->__construct()
#12 D:\ci_4\vendor\codeigniter4\framework\system\CodeIgniter.php(399): CodeIgniter\CodeIgniter->createController()
#13 D:\ci_4\vendor\codeigniter4\framework\system\CodeIgniter.php(312): CodeIgniter\CodeIgniter->handleRequest(NULL, Object(Config\Cache), false)
#14 D:\ci_4\index.php(45): CodeIgniter\CodeIgniter->run()
#15 {main}
CRITICAL - 2020-08-20 04:32:07 --> Declaration of App\Models\MY_model::delete($id) should be compatible with CodeIgniter\Model::delete($id = NULL, bool $purge = false)
#0 D:\ci_4\app\Models\MY_model.php(6): CodeIgniter\Debug\Exceptions->errorHandler(2, 'Declaration of ...', 'D:\\ci_4\\app\\Mod...', 28, Array)
#1 D:\ci_4\vendor\codeigniter4\framework\system\Autoloader\Autoloader.php(365): require_once('D:\\ci_4\\app\\Mod...')
#2 D:\ci_4\vendor\codeigniter4\framework\system\Autoloader\Autoloader.php(296): CodeIgniter\Autoloader\Autoloader->requireFile('D:\\ci_4\\app\\/Mo...')
#3 D:\ci_4\vendor\codeigniter4\framework\system\Autoloader\Autoloader.php(258): CodeIgniter\Autoloader\Autoloader->loadInNamespace('App\\Models\\MY_m...')
#4 [internal function]: CodeIgniter\Autoloader\Autoloader->loadClass('App\\Models\\MY_m...')
#5 D:\ci_4\app\Models\User_model.php(3): spl_autoload_call('App\\Models\\MY_m...')
#6 D:\ci_4\vendor\codeigniter4\framework\system\Autoloader\Autoloader.php(365): require_once('D:\\ci_4\\app\\Mod...')
#7 D:\ci_4\vendor\codeigniter4\framework\system\Autoloader\Autoloader.php(296): CodeIgniter\Autoloader\Autoloader->requireFile('D:\\ci_4\\app\\/Mo...')
#8 D:\ci_4\vendor\codeigniter4\framework\system\Autoloader\Autoloader.php(258): CodeIgniter\Autoloader\Autoloader->loadInNamespace('App\\Models\\User...')
#9 [internal function]: CodeIgniter\Autoloader\Autoloader->loadClass('App\\Models\\User...')
#10 D:\ci_4\app\Controllers\User.php(14): spl_autoload_call('App\\Models\\User...')
#11 D:\ci_4\vendor\codeigniter4\framework\system\CodeIgniter.php(890): App\Controllers\User->__construct()
#12 D:\ci_4\vendor\codeigniter4\framework\system\CodeIgniter.php(399): CodeIgniter\CodeIgniter->createController()
#13 D:\ci_4\vendor\codeigniter4\framework\system\CodeIgniter.php(312): CodeIgniter\CodeIgniter->handleRequest(NULL, Object(Config\Cache), false)
#14 D:\ci_4\index.php(45): CodeIgniter\CodeIgniter->run()
#15 {main}
CRITICAL - 2020-08-20 04:32:22 --> Declaration of App\Models\MY_model::delete($id) should be compatible with CodeIgniter\Model::delete($id = NULL, bool $purge = false)
#0 D:\ci_4\app\Models\MY_model.php(6): CodeIgniter\Debug\Exceptions->errorHandler(2, 'Declaration of ...', 'D:\\ci_4\\app\\Mod...', 28, Array)
#1 D:\ci_4\vendor\codeigniter4\framework\system\Autoloader\Autoloader.php(365): require_once('D:\\ci_4\\app\\Mod...')
#2 D:\ci_4\vendor\codeigniter4\framework\system\Autoloader\Autoloader.php(296): CodeIgniter\Autoloader\Autoloader->requireFile('D:\\ci_4\\app\\/Mo...')
#3 D:\ci_4\vendor\codeigniter4\framework\system\Autoloader\Autoloader.php(258): CodeIgniter\Autoloader\Autoloader->loadInNamespace('App\\Models\\MY_m...')
#4 [internal function]: CodeIgniter\Autoloader\Autoloader->loadClass('App\\Models\\MY_m...')
#5 D:\ci_4\app\Models\User_model.php(3): spl_autoload_call('App\\Models\\MY_m...')
#6 D:\ci_4\vendor\codeigniter4\framework\system\Autoloader\Autoloader.php(365): require_once('D:\\ci_4\\app\\Mod...')
#7 D:\ci_4\vendor\codeigniter4\framework\system\Autoloader\Autoloader.php(296): CodeIgniter\Autoloader\Autoloader->requireFile('D:\\ci_4\\app\\/Mo...')
#8 D:\ci_4\vendor\codeigniter4\framework\system\Autoloader\Autoloader.php(258): CodeIgniter\Autoloader\Autoloader->loadInNamespace('App\\Models\\User...')
#9 [internal function]: CodeIgniter\Autoloader\Autoloader->loadClass('App\\Models\\User...')
#10 D:\ci_4\app\Controllers\User.php(14): spl_autoload_call('App\\Models\\User...')
#11 D:\ci_4\vendor\codeigniter4\framework\system\CodeIgniter.php(890): App\Controllers\User->__construct()
#12 D:\ci_4\vendor\codeigniter4\framework\system\CodeIgniter.php(399): CodeIgniter\CodeIgniter->createController()
#13 D:\ci_4\vendor\codeigniter4\framework\system\CodeIgniter.php(312): CodeIgniter\CodeIgniter->handleRequest(NULL, Object(Config\Cache), false)
#14 D:\ci_4\index.php(45): CodeIgniter\CodeIgniter->run()
#15 {main}
CRITICAL - 2020-08-20 04:32:23 --> Declaration of App\Models\MY_model::delete($id) should be compatible with CodeIgniter\Model::delete($id = NULL, bool $purge = false)
#0 D:\ci_4\app\Models\MY_model.php(6): CodeIgniter\Debug\Exceptions->errorHandler(2, 'Declaration of ...', 'D:\\ci_4\\app\\Mod...', 28, Array)
#1 D:\ci_4\vendor\codeigniter4\framework\system\Autoloader\Autoloader.php(365): require_once('D:\\ci_4\\app\\Mod...')
#2 D:\ci_4\vendor\codeigniter4\framework\system\Autoloader\Autoloader.php(296): CodeIgniter\Autoloader\Autoloader->requireFile('D:\\ci_4\\app\\/Mo...')
#3 D:\ci_4\vendor\codeigniter4\framework\system\Autoloader\Autoloader.php(258): CodeIgniter\Autoloader\Autoloader->loadInNamespace('App\\Models\\MY_m...')
#4 [internal function]: CodeIgniter\Autoloader\Autoloader->loadClass('App\\Models\\MY_m...')
#5 D:\ci_4\app\Models\User_model.php(3): spl_autoload_call('App\\Models\\MY_m...')
#6 D:\ci_4\vendor\codeigniter4\framework\system\Autoloader\Autoloader.php(365): require_once('D:\\ci_4\\app\\Mod...')
#7 D:\ci_4\vendor\codeigniter4\framework\system\Autoloader\Autoloader.php(296): CodeIgniter\Autoloader\Autoloader->requireFile('D:\\ci_4\\app\\/Mo...')
#8 D:\ci_4\vendor\codeigniter4\framework\system\Autoloader\Autoloader.php(258): CodeIgniter\Autoloader\Autoloader->loadInNamespace('App\\Models\\User...')
#9 [internal function]: CodeIgniter\Autoloader\Autoloader->loadClass('App\\Models\\User...')
#10 D:\ci_4\app\Controllers\User.php(14): spl_autoload_call('App\\Models\\User...')
#11 D:\ci_4\vendor\codeigniter4\framework\system\CodeIgniter.php(890): App\Controllers\User->__construct()
#12 D:\ci_4\vendor\codeigniter4\framework\system\CodeIgniter.php(399): CodeIgniter\CodeIgniter->createController()
#13 D:\ci_4\vendor\codeigniter4\framework\system\CodeIgniter.php(312): CodeIgniter\CodeIgniter->handleRequest(NULL, Object(Config\Cache), false)
#14 D:\ci_4\index.php(45): CodeIgniter\CodeIgniter->run()
#15 {main}
CRITICAL - 2020-08-20 04:32:23 --> Declaration of App\Models\MY_model::delete($id) should be compatible with CodeIgniter\Model::delete($id = NULL, bool $purge = false)
#0 D:\ci_4\app\Models\MY_model.php(6): CodeIgniter\Debug\Exceptions->errorHandler(2, 'Declaration of ...', 'D:\\ci_4\\app\\Mod...', 28, Array)
#1 D:\ci_4\vendor\codeigniter4\framework\system\Autoloader\Autoloader.php(365): require_once('D:\\ci_4\\app\\Mod...')
#2 D:\ci_4\vendor\codeigniter4\framework\system\Autoloader\Autoloader.php(296): CodeIgniter\Autoloader\Autoloader->requireFile('D:\\ci_4\\app\\/Mo...')
#3 D:\ci_4\vendor\codeigniter4\framework\system\Autoloader\Autoloader.php(258): CodeIgniter\Autoloader\Autoloader->loadInNamespace('App\\Models\\MY_m...')
#4 [internal function]: CodeIgniter\Autoloader\Autoloader->loadClass('App\\Models\\MY_m...')
#5 D:\ci_4\app\Models\User_model.php(3): spl_autoload_call('App\\Models\\MY_m...')
#6 D:\ci_4\vendor\codeigniter4\framework\system\Autoloader\Autoloader.php(365): require_once('D:\\ci_4\\app\\Mod...')
#7 D:\ci_4\vendor\codeigniter4\framework\system\Autoloader\Autoloader.php(296): CodeIgniter\Autoloader\Autoloader->requireFile('D:\\ci_4\\app\\/Mo...')
#8 D:\ci_4\vendor\codeigniter4\framework\system\Autoloader\Autoloader.php(258): CodeIgniter\Autoloader\Autoloader->loadInNamespace('App\\Models\\User...')
#9 [internal function]: CodeIgniter\Autoloader\Autoloader->loadClass('App\\Models\\User...')
#10 D:\ci_4\app\Controllers\User.php(14): spl_autoload_call('App\\Models\\User...')
#11 D:\ci_4\vendor\codeigniter4\framework\system\CodeIgniter.php(890): App\Controllers\User->__construct()
#12 D:\ci_4\vendor\codeigniter4\framework\system\CodeIgniter.php(399): CodeIgniter\CodeIgniter->createController()
#13 D:\ci_4\vendor\codeigniter4\framework\system\CodeIgniter.php(312): CodeIgniter\CodeIgniter->handleRequest(NULL, Object(Config\Cache), false)
#14 D:\ci_4\index.php(45): CodeIgniter\CodeIgniter->run()
#15 {main}
CRITICAL - 2020-08-20 04:32:24 --> Declaration of App\Models\MY_model::delete($id) should be compatible with CodeIgniter\Model::delete($id = NULL, bool $purge = false)
#0 D:\ci_4\app\Models\MY_model.php(6): CodeIgniter\Debug\Exceptions->errorHandler(2, 'Declaration of ...', 'D:\\ci_4\\app\\Mod...', 28, Array)
#1 D:\ci_4\vendor\codeigniter4\framework\system\Autoloader\Autoloader.php(365): require_once('D:\\ci_4\\app\\Mod...')
#2 D:\ci_4\vendor\codeigniter4\framework\system\Autoloader\Autoloader.php(296): CodeIgniter\Autoloader\Autoloader->requireFile('D:\\ci_4\\app\\/Mo...')
#3 D:\ci_4\vendor\codeigniter4\framework\system\Autoloader\Autoloader.php(258): CodeIgniter\Autoloader\Autoloader->loadInNamespace('App\\Models\\MY_m...')
#4 [internal function]: CodeIgniter\Autoloader\Autoloader->loadClass('App\\Models\\MY_m...')
#5 D:\ci_4\app\Models\User_model.php(3): spl_autoload_call('App\\Models\\MY_m...')
#6 D:\ci_4\vendor\codeigniter4\framework\system\Autoloader\Autoloader.php(365): require_once('D:\\ci_4\\app\\Mod...')
#7 D:\ci_4\vendor\codeigniter4\framework\system\Autoloader\Autoloader.php(296): CodeIgniter\Autoloader\Autoloader->requireFile('D:\\ci_4\\app\\/Mo...')
#8 D:\ci_4\vendor\codeigniter4\framework\system\Autoloader\Autoloader.php(258): CodeIgniter\Autoloader\Autoloader->loadInNamespace('App\\Models\\User...')
#9 [internal function]: CodeIgniter\Autoloader\Autoloader->loadClass('App\\Models\\User...')
#10 D:\ci_4\app\Controllers\User.php(14): spl_autoload_call('App\\Models\\User...')
#11 D:\ci_4\vendor\codeigniter4\framework\system\CodeIgniter.php(890): App\Controllers\User->__construct()
#12 D:\ci_4\vendor\codeigniter4\framework\system\CodeIgniter.php(399): CodeIgniter\CodeIgniter->createController()
#13 D:\ci_4\vendor\codeigniter4\framework\system\CodeIgniter.php(312): CodeIgniter\CodeIgniter->handleRequest(NULL, Object(Config\Cache), false)
#14 D:\ci_4\index.php(45): CodeIgniter\CodeIgniter->run()
#15 {main}
CRITICAL - 2020-08-20 04:32:24 --> Declaration of App\Models\MY_model::delete($id) should be compatible with CodeIgniter\Model::delete($id = NULL, bool $purge = false)
#0 D:\ci_4\app\Models\MY_model.php(6): CodeIgniter\Debug\Exceptions->errorHandler(2, 'Declaration of ...', 'D:\\ci_4\\app\\Mod...', 28, Array)
#1 D:\ci_4\vendor\codeigniter4\framework\system\Autoloader\Autoloader.php(365): require_once('D:\\ci_4\\app\\Mod...')
#2 D:\ci_4\vendor\codeigniter4\framework\system\Autoloader\Autoloader.php(296): CodeIgniter\Autoloader\Autoloader->requireFile('D:\\ci_4\\app\\/Mo...')
#3 D:\ci_4\vendor\codeigniter4\framework\system\Autoloader\Autoloader.php(258): CodeIgniter\Autoloader\Autoloader->loadInNamespace('App\\Models\\MY_m...')
#4 [internal function]: CodeIgniter\Autoloader\Autoloader->loadClass('App\\Models\\MY_m...')
#5 D:\ci_4\app\Models\User_model.php(3): spl_autoload_call('App\\Models\\MY_m...')
#6 D:\ci_4\vendor\codeigniter4\framework\system\Autoloader\Autoloader.php(365): require_once('D:\\ci_4\\app\\Mod...')
#7 D:\ci_4\vendor\codeigniter4\framework\system\Autoloader\Autoloader.php(296): CodeIgniter\Autoloader\Autoloader->requireFile('D:\\ci_4\\app\\/Mo...')
#8 D:\ci_4\vendor\codeigniter4\framework\system\Autoloader\Autoloader.php(258): CodeIgniter\Autoloader\Autoloader->loadInNamespace('App\\Models\\User...')
#9 [internal function]: CodeIgniter\Autoloader\Autoloader->loadClass('App\\Models\\User...')
#10 D:\ci_4\app\Controllers\User.php(14): spl_autoload_call('App\\Models\\User...')
#11 D:\ci_4\vendor\codeigniter4\framework\system\CodeIgniter.php(890): App\Controllers\User->__construct()
#12 D:\ci_4\vendor\codeigniter4\framework\system\CodeIgniter.php(399): CodeIgniter\CodeIgniter->createController()
#13 D:\ci_4\vendor\codeigniter4\framework\system\CodeIgniter.php(312): CodeIgniter\CodeIgniter->handleRequest(NULL, Object(Config\Cache), false)
#14 D:\ci_4\index.php(45): CodeIgniter\CodeIgniter->run()
#15 {main}
CRITICAL - 2020-08-20 04:32:26 --> Declaration of App\Models\MY_model::delete($id) should be compatible with CodeIgniter\Model::delete($id = NULL, bool $purge = false)
#0 D:\ci_4\app\Models\MY_model.php(6): CodeIgniter\Debug\Exceptions->errorHandler(2, 'Declaration of ...', 'D:\\ci_4\\app\\Mod...', 28, Array)
#1 D:\ci_4\vendor\codeigniter4\framework\system\Autoloader\Autoloader.php(365): require_once('D:\\ci_4\\app\\Mod...')
#2 D:\ci_4\vendor\codeigniter4\framework\system\Autoloader\Autoloader.php(296): CodeIgniter\Autoloader\Autoloader->requireFile('D:\\ci_4\\app\\/Mo...')
#3 D:\ci_4\vendor\codeigniter4\framework\system\Autoloader\Autoloader.php(258): CodeIgniter\Autoloader\Autoloader->loadInNamespace('App\\Models\\MY_m...')
#4 [internal function]: CodeIgniter\Autoloader\Autoloader->loadClass('App\\Models\\MY_m...')
#5 D:\ci_4\app\Models\User_model.php(3): spl_autoload_call('App\\Models\\MY_m...')
#6 D:\ci_4\vendor\codeigniter4\framework\system\Autoloader\Autoloader.php(365): require_once('D:\\ci_4\\app\\Mod...')
#7 D:\ci_4\vendor\codeigniter4\framework\system\Autoloader\Autoloader.php(296): CodeIgniter\Autoloader\Autoloader->requireFile('D:\\ci_4\\app\\/Mo...')
#8 D:\ci_4\vendor\codeigniter4\framework\system\Autoloader\Autoloader.php(258): CodeIgniter\Autoloader\Autoloader->loadInNamespace('App\\Models\\User...')
#9 [internal function]: CodeIgniter\Autoloader\Autoloader->loadClass('App\\Models\\User...')
#10 D:\ci_4\app\Controllers\User.php(14): spl_autoload_call('App\\Models\\User...')
#11 D:\ci_4\vendor\codeigniter4\framework\system\CodeIgniter.php(890): App\Controllers\User->__construct()
#12 D:\ci_4\vendor\codeigniter4\framework\system\CodeIgniter.php(399): CodeIgniter\CodeIgniter->createController()
#13 D:\ci_4\vendor\codeigniter4\framework\system\CodeIgniter.php(312): CodeIgniter\CodeIgniter->handleRequest(NULL, Object(Config\Cache), false)
#14 D:\ci_4\index.php(45): CodeIgniter\CodeIgniter->run()
#15 {main}
CRITICAL - 2020-08-20 04:33:34 --> Declaration of App\Models\MY_model::delete($id) should be compatible with CodeIgniter\Model::delete($id = NULL, bool $purge = false)
#0 D:\ci_4\app\Models\MY_model.php(6): CodeIgniter\Debug\Exceptions->errorHandler(2, 'Declaration of ...', 'D:\\ci_4\\app\\Mod...', 28, Array)
#1 D:\ci_4\vendor\codeigniter4\framework\system\Autoloader\Autoloader.php(365): require_once('D:\\ci_4\\app\\Mod...')
#2 D:\ci_4\vendor\codeigniter4\framework\system\Autoloader\Autoloader.php(296): CodeIgniter\Autoloader\Autoloader->requireFile('D:\\ci_4\\app\\/Mo...')
#3 D:\ci_4\vendor\codeigniter4\framework\system\Autoloader\Autoloader.php(258): CodeIgniter\Autoloader\Autoloader->loadInNamespace('App\\Models\\MY_m...')
#4 [internal function]: CodeIgniter\Autoloader\Autoloader->loadClass('App\\Models\\MY_m...')
#5 D:\ci_4\app\Models\User_model.php(3): spl_autoload_call('App\\Models\\MY_m...')
#6 D:\ci_4\vendor\codeigniter4\framework\system\Autoloader\Autoloader.php(365): require_once('D:\\ci_4\\app\\Mod...')
#7 D:\ci_4\vendor\codeigniter4\framework\system\Autoloader\Autoloader.php(296): CodeIgniter\Autoloader\Autoloader->requireFile('D:\\ci_4\\app\\/Mo...')
#8 D:\ci_4\vendor\codeigniter4\framework\system\Autoloader\Autoloader.php(258): CodeIgniter\Autoloader\Autoloader->loadInNamespace('App\\Models\\User...')
#9 [internal function]: CodeIgniter\Autoloader\Autoloader->loadClass('App\\Models\\User...')
#10 D:\ci_4\app\Controllers\User.php(14): spl_autoload_call('App\\Models\\User...')
#11 D:\ci_4\vendor\codeigniter4\framework\system\CodeIgniter.php(890): App\Controllers\User->__construct()
#12 D:\ci_4\vendor\codeigniter4\framework\system\CodeIgniter.php(399): CodeIgniter\CodeIgniter->createController()
#13 D:\ci_4\vendor\codeigniter4\framework\system\CodeIgniter.php(312): CodeIgniter\CodeIgniter->handleRequest(NULL, Object(Config\Cache), false)
#14 D:\ci_4\index.php(45): CodeIgniter\CodeIgniter->run()
#15 {main}
CRITICAL - 2020-08-20 04:33:35 --> Declaration of App\Models\MY_model::delete($id) should be compatible with CodeIgniter\Model::delete($id = NULL, bool $purge = false)
#0 D:\ci_4\app\Models\MY_model.php(6): CodeIgniter\Debug\Exceptions->errorHandler(2, 'Declaration of ...', 'D:\\ci_4\\app\\Mod...', 28, Array)
#1 D:\ci_4\vendor\codeigniter4\framework\system\Autoloader\Autoloader.php(365): require_once('D:\\ci_4\\app\\Mod...')
#2 D:\ci_4\vendor\codeigniter4\framework\system\Autoloader\Autoloader.php(296): CodeIgniter\Autoloader\Autoloader->requireFile('D:\\ci_4\\app\\/Mo...')
#3 D:\ci_4\vendor\codeigniter4\framework\system\Autoloader\Autoloader.php(258): CodeIgniter\Autoloader\Autoloader->loadInNamespace('App\\Models\\MY_m...')
#4 [internal function]: CodeIgniter\Autoloader\Autoloader->loadClass('App\\Models\\MY_m...')
#5 D:\ci_4\app\Models\User_model.php(3): spl_autoload_call('App\\Models\\MY_m...')
#6 D:\ci_4\vendor\codeigniter4\framework\system\Autoloader\Autoloader.php(365): require_once('D:\\ci_4\\app\\Mod...')
#7 D:\ci_4\vendor\codeigniter4\framework\system\Autoloader\Autoloader.php(296): CodeIgniter\Autoloader\Autoloader->requireFile('D:\\ci_4\\app\\/Mo...')
#8 D:\ci_4\vendor\codeigniter4\framework\system\Autoloader\Autoloader.php(258): CodeIgniter\Autoloader\Autoloader->loadInNamespace('App\\Models\\User...')
#9 [internal function]: CodeIgniter\Autoloader\Autoloader->loadClass('App\\Models\\User...')
#10 D:\ci_4\app\Controllers\User.php(14): spl_autoload_call('App\\Models\\User...')
#11 D:\ci_4\vendor\codeigniter4\framework\system\CodeIgniter.php(890): App\Controllers\User->__construct()
#12 D:\ci_4\vendor\codeigniter4\framework\system\CodeIgniter.php(399): CodeIgniter\CodeIgniter->createController()
#13 D:\ci_4\vendor\codeigniter4\framework\system\CodeIgniter.php(312): CodeIgniter\CodeIgniter->handleRequest(NULL, Object(Config\Cache), false)
#14 D:\ci_4\index.php(45): CodeIgniter\CodeIgniter->run()
#15 {main}
CRITICAL - 2020-08-20 04:33:36 --> Declaration of App\Models\MY_model::delete($id) should be compatible with CodeIgniter\Model::delete($id = NULL, bool $purge = false)
#0 D:\ci_4\app\Models\MY_model.php(6): CodeIgniter\Debug\Exceptions->errorHandler(2, 'Declaration of ...', 'D:\\ci_4\\app\\Mod...', 28, Array)
#1 D:\ci_4\vendor\codeigniter4\framework\system\Autoloader\Autoloader.php(365): require_once('D:\\ci_4\\app\\Mod...')
#2 D:\ci_4\vendor\codeigniter4\framework\system\Autoloader\Autoloader.php(296): CodeIgniter\Autoloader\Autoloader->requireFile('D:\\ci_4\\app\\/Mo...')
#3 D:\ci_4\vendor\codeigniter4\framework\system\Autoloader\Autoloader.php(258): CodeIgniter\Autoloader\Autoloader->loadInNamespace('App\\Models\\MY_m...')
#4 [internal function]: CodeIgniter\Autoloader\Autoloader->loadClass('App\\Models\\MY_m...')
#5 D:\ci_4\app\Models\User_model.php(3): spl_autoload_call('App\\Models\\MY_m...')
#6 D:\ci_4\vendor\codeigniter4\framework\system\Autoloader\Autoloader.php(365): require_once('D:\\ci_4\\app\\Mod...')
#7 D:\ci_4\vendor\codeigniter4\framework\system\Autoloader\Autoloader.php(296): CodeIgniter\Autoloader\Autoloader->requireFile('D:\\ci_4\\app\\/Mo...')
#8 D:\ci_4\vendor\codeigniter4\framework\system\Autoloader\Autoloader.php(258): CodeIgniter\Autoloader\Autoloader->loadInNamespace('App\\Models\\User...')
#9 [internal function]: CodeIgniter\Autoloader\Autoloader->loadClass('App\\Models\\User...')
#10 D:\ci_4\app\Controllers\User.php(14): spl_autoload_call('App\\Models\\User...')
#11 D:\ci_4\vendor\codeigniter4\framework\system\CodeIgniter.php(890): App\Controllers\User->__construct()
#12 D:\ci_4\vendor\codeigniter4\framework\system\CodeIgniter.php(399): CodeIgniter\CodeIgniter->createController()
#13 D:\ci_4\vendor\codeigniter4\framework\system\CodeIgniter.php(312): CodeIgniter\CodeIgniter->handleRequest(NULL, Object(Config\Cache), false)
#14 D:\ci_4\index.php(45): CodeIgniter\CodeIgniter->run()
#15 {main}
CRITICAL - 2020-08-20 04:33:36 --> Declaration of App\Models\MY_model::delete($id) should be compatible with CodeIgniter\Model::delete($id = NULL, bool $purge = false)
#0 D:\ci_4\app\Models\MY_model.php(6): CodeIgniter\Debug\Exceptions->errorHandler(2, 'Declaration of ...', 'D:\\ci_4\\app\\Mod...', 28, Array)
#1 D:\ci_4\vendor\codeigniter4\framework\system\Autoloader\Autoloader.php(365): require_once('D:\\ci_4\\app\\Mod...')
#2 D:\ci_4\vendor\codeigniter4\framework\system\Autoloader\Autoloader.php(296): CodeIgniter\Autoloader\Autoloader->requireFile('D:\\ci_4\\app\\/Mo...')
#3 D:\ci_4\vendor\codeigniter4\framework\system\Autoloader\Autoloader.php(258): CodeIgniter\Autoloader\Autoloader->loadInNamespace('App\\Models\\MY_m...')
#4 [internal function]: CodeIgniter\Autoloader\Autoloader->loadClass('App\\Models\\MY_m...')
#5 D:\ci_4\app\Models\User_model.php(3): spl_autoload_call('App\\Models\\MY_m...')
#6 D:\ci_4\vendor\codeigniter4\framework\system\Autoloader\Autoloader.php(365): require_once('D:\\ci_4\\app\\Mod...')
#7 D:\ci_4\vendor\codeigniter4\framework\system\Autoloader\Autoloader.php(296): CodeIgniter\Autoloader\Autoloader->requireFile('D:\\ci_4\\app\\/Mo...')
#8 D:\ci_4\vendor\codeigniter4\framework\system\Autoloader\Autoloader.php(258): CodeIgniter\Autoloader\Autoloader->loadInNamespace('App\\Models\\User...')
#9 [internal function]: CodeIgniter\Autoloader\Autoloader->loadClass('App\\Models\\User...')
#10 D:\ci_4\app\Controllers\User.php(14): spl_autoload_call('App\\Models\\User...')
#11 D:\ci_4\vendor\codeigniter4\framework\system\CodeIgniter.php(890): App\Controllers\User->__construct()
#12 D:\ci_4\vendor\codeigniter4\framework\system\CodeIgniter.php(399): CodeIgniter\CodeIgniter->createController()
#13 D:\ci_4\vendor\codeigniter4\framework\system\CodeIgniter.php(312): CodeIgniter\CodeIgniter->handleRequest(NULL, Object(Config\Cache), false)
#14 D:\ci_4\index.php(45): CodeIgniter\CodeIgniter->run()
#15 {main}
CRITICAL - 2020-08-20 04:33:37 --> Declaration of App\Models\MY_model::delete($id) should be compatible with CodeIgniter\Model::delete($id = NULL, bool $purge = false)
#0 D:\ci_4\app\Models\MY_model.php(6): CodeIgniter\Debug\Exceptions->errorHandler(2, 'Declaration of ...', 'D:\\ci_4\\app\\Mod...', 28, Array)
#1 D:\ci_4\vendor\codeigniter4\framework\system\Autoloader\Autoloader.php(365): require_once('D:\\ci_4\\app\\Mod...')
#2 D:\ci_4\vendor\codeigniter4\framework\system\Autoloader\Autoloader.php(296): CodeIgniter\Autoloader\Autoloader->requireFile('D:\\ci_4\\app\\/Mo...')
#3 D:\ci_4\vendor\codeigniter4\framework\system\Autoloader\Autoloader.php(258): CodeIgniter\Autoloader\Autoloader->loadInNamespace('App\\Models\\MY_m...')
#4 [internal function]: CodeIgniter\Autoloader\Autoloader->loadClass('App\\Models\\MY_m...')
#5 D:\ci_4\app\Models\User_model.php(3): spl_autoload_call('App\\Models\\MY_m...')
#6 D:\ci_4\vendor\codeigniter4\framework\system\Autoloader\Autoloader.php(365): require_once('D:\\ci_4\\app\\Mod...')
#7 D:\ci_4\vendor\codeigniter4\framework\system\Autoloader\Autoloader.php(296): CodeIgniter\Autoloader\Autoloader->requireFile('D:\\ci_4\\app\\/Mo...')
#8 D:\ci_4\vendor\codeigniter4\framework\system\Autoloader\Autoloader.php(258): CodeIgniter\Autoloader\Autoloader->loadInNamespace('App\\Models\\User...')
#9 [internal function]: CodeIgniter\Autoloader\Autoloader->loadClass('App\\Models\\User...')
#10 D:\ci_4\app\Controllers\User.php(14): spl_autoload_call('App\\Models\\User...')
#11 D:\ci_4\vendor\codeigniter4\framework\system\CodeIgniter.php(890): App\Controllers\User->__construct()
#12 D:\ci_4\vendor\codeigniter4\framework\system\CodeIgniter.php(399): CodeIgniter\CodeIgniter->createController()
#13 D:\ci_4\vendor\codeigniter4\framework\system\CodeIgniter.php(312): CodeIgniter\CodeIgniter->handleRequest(NULL, Object(Config\Cache), false)
#14 D:\ci_4\index.php(45): CodeIgniter\CodeIgniter->run()
#15 {main}
CRITICAL - 2020-08-20 04:33:38 --> Declaration of App\Models\MY_model::delete($id) should be compatible with CodeIgniter\Model::delete($id = NULL, bool $purge = false)
#0 D:\ci_4\app\Models\MY_model.php(6): CodeIgniter\Debug\Exceptions->errorHandler(2, 'Declaration of ...', 'D:\\ci_4\\app\\Mod...', 28, Array)
#1 D:\ci_4\vendor\codeigniter4\framework\system\Autoloader\Autoloader.php(365): require_once('D:\\ci_4\\app\\Mod...')
#2 D:\ci_4\vendor\codeigniter4\framework\system\Autoloader\Autoloader.php(296): CodeIgniter\Autoloader\Autoloader->requireFile('D:\\ci_4\\app\\/Mo...')
#3 D:\ci_4\vendor\codeigniter4\framework\system\Autoloader\Autoloader.php(258): CodeIgniter\Autoloader\Autoloader->loadInNamespace('App\\Models\\MY_m...')
#4 [internal function]: CodeIgniter\Autoloader\Autoloader->loadClass('App\\Models\\MY_m...')
#5 D:\ci_4\app\Models\User_model.php(3): spl_autoload_call('App\\Models\\MY_m...')
#6 D:\ci_4\vendor\codeigniter4\framework\system\Autoloader\Autoloader.php(365): require_once('D:\\ci_4\\app\\Mod...')
#7 D:\ci_4\vendor\codeigniter4\framework\system\Autoloader\Autoloader.php(296): CodeIgniter\Autoloader\Autoloader->requireFile('D:\\ci_4\\app\\/Mo...')
#8 D:\ci_4\vendor\codeigniter4\framework\system\Autoloader\Autoloader.php(258): CodeIgniter\Autoloader\Autoloader->loadInNamespace('App\\Models\\User...')
#9 [internal function]: CodeIgniter\Autoloader\Autoloader->loadClass('App\\Models\\User...')
#10 D:\ci_4\app\Controllers\User.php(14): spl_autoload_call('App\\Models\\User...')
#11 D:\ci_4\vendor\codeigniter4\framework\system\CodeIgniter.php(890): App\Controllers\User->__construct()
#12 D:\ci_4\vendor\codeigniter4\framework\system\CodeIgniter.php(399): CodeIgniter\CodeIgniter->createController()
#13 D:\ci_4\vendor\codeigniter4\framework\system\CodeIgniter.php(312): CodeIgniter\CodeIgniter->handleRequest(NULL, Object(Config\Cache), false)
#14 D:\ci_4\index.php(45): CodeIgniter\CodeIgniter->run()
#15 {main}
CRITICAL - 2020-08-20 04:34:18 --> Declaration of App\Models\MY_model::delete($id) should be compatible with CodeIgniter\Model::delete($id = NULL, bool $purge = false)
#0 D:\ci_4\app\Models\MY_model.php(6): CodeIgniter\Debug\Exceptions->errorHandler(2, 'Declaration of ...', 'D:\\ci_4\\app\\Mod...', 28, Array)
#1 D:\ci_4\vendor\codeigniter4\framework\system\Autoloader\Autoloader.php(365): require_once('D:\\ci_4\\app\\Mod...')
#2 D:\ci_4\vendor\codeigniter4\framework\system\Autoloader\Autoloader.php(296): CodeIgniter\Autoloader\Autoloader->requireFile('D:\\ci_4\\app\\/Mo...')
#3 D:\ci_4\vendor\codeigniter4\framework\system\Autoloader\Autoloader.php(258): CodeIgniter\Autoloader\Autoloader->loadInNamespace('App\\Models\\MY_m...')
#4 [internal function]: CodeIgniter\Autoloader\Autoloader->loadClass('App\\Models\\MY_m...')
#5 D:\ci_4\app\Models\User_model.php(3): spl_autoload_call('App\\Models\\MY_m...')
#6 D:\ci_4\vendor\codeigniter4\framework\system\Autoloader\Autoloader.php(365): require_once('D:\\ci_4\\app\\Mod...')
#7 D:\ci_4\vendor\codeigniter4\framework\system\Autoloader\Autoloader.php(296): CodeIgniter\Autoloader\Autoloader->requireFile('D:\\ci_4\\app\\/Mo...')
#8 D:\ci_4\vendor\codeigniter4\framework\system\Autoloader\Autoloader.php(258): CodeIgniter\Autoloader\Autoloader->loadInNamespace('App\\Models\\User...')
#9 [internal function]: CodeIgniter\Autoloader\Autoloader->loadClass('App\\Models\\User...')
#10 D:\ci_4\app\Controllers\User.php(14): spl_autoload_call('App\\Models\\User...')
#11 D:\ci_4\vendor\codeigniter4\framework\system\CodeIgniter.php(890): App\Controllers\User->__construct()
#12 D:\ci_4\vendor\codeigniter4\framework\system\CodeIgniter.php(399): CodeIgniter\CodeIgniter->createController()
#13 D:\ci_4\vendor\codeigniter4\framework\system\CodeIgniter.php(312): CodeIgniter\CodeIgniter->handleRequest(NULL, Object(Config\Cache), false)
#14 D:\ci_4\index.php(45): CodeIgniter\CodeIgniter->run()
#15 {main}
CRITICAL - 2020-08-20 04:34:19 --> Declaration of App\Models\MY_model::delete($id) should be compatible with CodeIgniter\Model::delete($id = NULL, bool $purge = false)
#0 D:\ci_4\app\Models\MY_model.php(6): CodeIgniter\Debug\Exceptions->errorHandler(2, 'Declaration of ...', 'D:\\ci_4\\app\\Mod...', 28, Array)
#1 D:\ci_4\vendor\codeigniter4\framework\system\Autoloader\Autoloader.php(365): require_once('D:\\ci_4\\app\\Mod...')
#2 D:\ci_4\vendor\codeigniter4\framework\system\Autoloader\Autoloader.php(296): CodeIgniter\Autoloader\Autoloader->requireFile('D:\\ci_4\\app\\/Mo...')
#3 D:\ci_4\vendor\codeigniter4\framework\system\Autoloader\Autoloader.php(258): CodeIgniter\Autoloader\Autoloader->loadInNamespace('App\\Models\\MY_m...')
#4 [internal function]: CodeIgniter\Autoloader\Autoloader->loadClass('App\\Models\\MY_m...')
#5 D:\ci_4\app\Models\User_model.php(3): spl_autoload_call('App\\Models\\MY_m...')
#6 D:\ci_4\vendor\codeigniter4\framework\system\Autoloader\Autoloader.php(365): require_once('D:\\ci_4\\app\\Mod...')
#7 D:\ci_4\vendor\codeigniter4\framework\system\Autoloader\Autoloader.php(296): CodeIgniter\Autoloader\Autoloader->requireFile('D:\\ci_4\\app\\/Mo...')
#8 D:\ci_4\vendor\codeigniter4\framework\system\Autoloader\Autoloader.php(258): CodeIgniter\Autoloader\Autoloader->loadInNamespace('App\\Models\\User...')
#9 [internal function]: CodeIgniter\Autoloader\Autoloader->loadClass('App\\Models\\User...')
#10 D:\ci_4\app\Controllers\User.php(14): spl_autoload_call('App\\Models\\User...')
#11 D:\ci_4\vendor\codeigniter4\framework\system\CodeIgniter.php(890): App\Controllers\User->__construct()
#12 D:\ci_4\vendor\codeigniter4\framework\system\CodeIgniter.php(399): CodeIgniter\CodeIgniter->createController()
#13 D:\ci_4\vendor\codeigniter4\framework\system\CodeIgniter.php(312): CodeIgniter\CodeIgniter->handleRequest(NULL, Object(Config\Cache), false)
#14 D:\ci_4\index.php(45): CodeIgniter\CodeIgniter->run()
#15 {main}
CRITICAL - 2020-08-20 04:34:20 --> Declaration of App\Models\MY_model::delete($id) should be compatible with CodeIgniter\Model::delete($id = NULL, bool $purge = false)
#0 D:\ci_4\app\Models\MY_model.php(6): CodeIgniter\Debug\Exceptions->errorHandler(2, 'Declaration of ...', 'D:\\ci_4\\app\\Mod...', 28, Array)
#1 D:\ci_4\vendor\codeigniter4\framework\system\Autoloader\Autoloader.php(365): require_once('D:\\ci_4\\app\\Mod...')
#2 D:\ci_4\vendor\codeigniter4\framework\system\Autoloader\Autoloader.php(296): CodeIgniter\Autoloader\Autoloader->requireFile('D:\\ci_4\\app\\/Mo...')
#3 D:\ci_4\vendor\codeigniter4\framework\system\Autoloader\Autoloader.php(258): CodeIgniter\Autoloader\Autoloader->loadInNamespace('App\\Models\\MY_m...')
#4 [internal function]: CodeIgniter\Autoloader\Autoloader->loadClass('App\\Models\\MY_m...')
#5 D:\ci_4\app\Models\User_model.php(3): spl_autoload_call('App\\Models\\MY_m...')
#6 D:\ci_4\vendor\codeigniter4\framework\system\Autoloader\Autoloader.php(365): require_once('D:\\ci_4\\app\\Mod...')
#7 D:\ci_4\vendor\codeigniter4\framework\system\Autoloader\Autoloader.php(296): CodeIgniter\Autoloader\Autoloader->requireFile('D:\\ci_4\\app\\/Mo...')
#8 D:\ci_4\vendor\codeigniter4\framework\system\Autoloader\Autoloader.php(258): CodeIgniter\Autoloader\Autoloader->loadInNamespace('App\\Models\\User...')
#9 [internal function]: CodeIgniter\Autoloader\Autoloader->loadClass('App\\Models\\User...')
#10 D:\ci_4\app\Controllers\User.php(14): spl_autoload_call('App\\Models\\User...')
#11 D:\ci_4\vendor\codeigniter4\framework\system\CodeIgniter.php(890): App\Controllers\User->__construct()
#12 D:\ci_4\vendor\codeigniter4\framework\system\CodeIgniter.php(399): CodeIgniter\CodeIgniter->createController()
#13 D:\ci_4\vendor\codeigniter4\framework\system\CodeIgniter.php(312): CodeIgniter\CodeIgniter->handleRequest(NULL, Object(Config\Cache), false)
#14 D:\ci_4\index.php(45): CodeIgniter\CodeIgniter->run()
#15 {main}
CRITICAL - 2020-08-20 04:34:20 --> Declaration of App\Models\MY_model::delete($id) should be compatible with CodeIgniter\Model::delete($id = NULL, bool $purge = false)
#0 D:\ci_4\app\Models\MY_model.php(6): CodeIgniter\Debug\Exceptions->errorHandler(2, 'Declaration of ...', 'D:\\ci_4\\app\\Mod...', 28, Array)
#1 D:\ci_4\vendor\codeigniter4\framework\system\Autoloader\Autoloader.php(365): require_once('D:\\ci_4\\app\\Mod...')
#2 D:\ci_4\vendor\codeigniter4\framework\system\Autoloader\Autoloader.php(296): CodeIgniter\Autoloader\Autoloader->requireFile('D:\\ci_4\\app\\/Mo...')
#3 D:\ci_4\vendor\codeigniter4\framework\system\Autoloader\Autoloader.php(258): CodeIgniter\Autoloader\Autoloader->loadInNamespace('App\\Models\\MY_m...')
#4 [internal function]: CodeIgniter\Autoloader\Autoloader->loadClass('App\\Models\\MY_m...')
#5 D:\ci_4\app\Models\User_model.php(3): spl_autoload_call('App\\Models\\MY_m...')
#6 D:\ci_4\vendor\codeigniter4\framework\system\Autoloader\Autoloader.php(365): require_once('D:\\ci_4\\app\\Mod...')
#7 D:\ci_4\vendor\codeigniter4\framework\system\Autoloader\Autoloader.php(296): CodeIgniter\Autoloader\Autoloader->requireFile('D:\\ci_4\\app\\/Mo...')
#8 D:\ci_4\vendor\codeigniter4\framework\system\Autoloader\Autoloader.php(258): CodeIgniter\Autoloader\Autoloader->loadInNamespace('App\\Models\\User...')
#9 [internal function]: CodeIgniter\Autoloader\Autoloader->loadClass('App\\Models\\User...')
#10 D:\ci_4\app\Controllers\User.php(14): spl_autoload_call('App\\Models\\User...')
#11 D:\ci_4\vendor\codeigniter4\framework\system\CodeIgniter.php(890): App\Controllers\User->__construct()
#12 D:\ci_4\vendor\codeigniter4\framework\system\CodeIgniter.php(399): CodeIgniter\CodeIgniter->createController()
#13 D:\ci_4\vendor\codeigniter4\framework\system\CodeIgniter.php(312): CodeIgniter\CodeIgniter->handleRequest(NULL, Object(Config\Cache), false)
#14 D:\ci_4\index.php(45): CodeIgniter\CodeIgniter->run()
#15 {main}
CRITICAL - 2020-08-20 04:34:23 --> Declaration of App\Models\MY_model::delete($id) should be compatible with CodeIgniter\Model::delete($id = NULL, bool $purge = false)
#0 D:\ci_4\app\Models\MY_model.php(6): CodeIgniter\Debug\Exceptions->errorHandler(2, 'Declaration of ...', 'D:\\ci_4\\app\\Mod...', 28, Array)
#1 D:\ci_4\vendor\codeigniter4\framework\system\Autoloader\Autoloader.php(365): require_once('D:\\ci_4\\app\\Mod...')
#2 D:\ci_4\vendor\codeigniter4\framework\system\Autoloader\Autoloader.php(296): CodeIgniter\Autoloader\Autoloader->requireFile('D:\\ci_4\\app\\/Mo...')
#3 D:\ci_4\vendor\codeigniter4\framework\system\Autoloader\Autoloader.php(258): CodeIgniter\Autoloader\Autoloader->loadInNamespace('App\\Models\\MY_m...')
#4 [internal function]: CodeIgniter\Autoloader\Autoloader->loadClass('App\\Models\\MY_m...')
#5 D:\ci_4\app\Models\User_model.php(3): spl_autoload_call('App\\Models\\MY_m...')
#6 D:\ci_4\vendor\codeigniter4\framework\system\Autoloader\Autoloader.php(365): require_once('D:\\ci_4\\app\\Mod...')
#7 D:\ci_4\vendor\codeigniter4\framework\system\Autoloader\Autoloader.php(296): CodeIgniter\Autoloader\Autoloader->requireFile('D:\\ci_4\\app\\/Mo...')
#8 D:\ci_4\vendor\codeigniter4\framework\system\Autoloader\Autoloader.php(258): CodeIgniter\Autoloader\Autoloader->loadInNamespace('App\\Models\\User...')
#9 [internal function]: CodeIgniter\Autoloader\Autoloader->loadClass('App\\Models\\User...')
#10 D:\ci_4\app\Controllers\User.php(14): spl_autoload_call('App\\Models\\User...')
#11 D:\ci_4\vendor\codeigniter4\framework\system\CodeIgniter.php(890): App\Controllers\User->__construct()
#12 D:\ci_4\vendor\codeigniter4\framework\system\CodeIgniter.php(399): CodeIgniter\CodeIgniter->createController()
#13 D:\ci_4\vendor\codeigniter4\framework\system\CodeIgniter.php(312): CodeIgniter\CodeIgniter->handleRequest(NULL, Object(Config\Cache), false)
#14 D:\ci_4\index.php(45): CodeIgniter\CodeIgniter->run()
#15 {main}
CRITICAL - 2020-08-20 04:47:33 --> Call to undefined method CodeIgniter\HTTP\IncomingRequest::getPath()
#0 D:\ci_4\vendor\codeigniter4\framework\system\CodeIgniter.php(918): App\Controllers\User->update('3')
#1 D:\ci_4\vendor\codeigniter4\framework\system\CodeIgniter.php(404): CodeIgniter\CodeIgniter->runController(Object(App\Controllers\User))
#2 D:\ci_4\vendor\codeigniter4\framework\system\CodeIgniter.php(312): CodeIgniter\CodeIgniter->handleRequest(NULL, Object(Config\Cache), false)
#3 D:\ci_4\index.php(45): CodeIgniter\CodeIgniter->run()
#4 {main}
CRITICAL - 2020-08-20 04:47:44 --> Call to undefined method CodeIgniter\HTTP\IncomingRequest::getPut()
#0 D:\ci_4\vendor\codeigniter4\framework\system\CodeIgniter.php(918): App\Controllers\User->update('3')
#1 D:\ci_4\vendor\codeigniter4\framework\system\CodeIgniter.php(404): CodeIgniter\CodeIgniter->runController(Object(App\Controllers\User))
#2 D:\ci_4\vendor\codeigniter4\framework\system\CodeIgniter.php(312): CodeIgniter\CodeIgniter->handleRequest(NULL, Object(Config\Cache), false)
#3 D:\ci_4\index.php(45): CodeIgniter\CodeIgniter->run()
#4 {main}
